c:\users\zacam\desktop\game programming\semester 2\graphics\a2\componentframework21.1.0\componentframework\debug\vc142.pdb
c:\users\zacam\desktop\game programming\semester 2\graphics\a2\componentframework21.1.0\componentframework\debug\vc142.idb
c:\users\zacam\desktop\game programming\semester 2\graphics\a2\componentframework21.1.0\componentframework\debug\objloader.obj
c:\users\zacam\desktop\game programming\semester 2\graphics\a2\componentframework21.1.0\componentframework\debug\mesh.obj
c:\users\zacam\desktop\game programming\semester 2\graphics\a2\componentframework21.1.0\componentframework\debug\main.obj
c:\users\zacam\desktop\game programming\semester 2\graphics\a2\componentframework21.1.0\componentframework\debug\scenemanager.obj
c:\users\zacam\desktop\game programming\semester 2\graphics\a2\componentframework21.1.0\componentframework\debug\scene5.obj
c:\users\zacam\desktop\game programming\semester 2\graphics\a2\componentframework21.1.0\componentframework\debug\scene4.obj
c:\users\zacam\desktop\game programming\semester 2\graphics\a2\componentframework21.1.0\componentframework\debug\scene3.obj
c:\users\zacam\desktop\game programming\semester 2\graphics\a2\componentframework21.1.0\componentframework\debug\scene2.obj
c:\users\zacam\desktop\game programming\semester 2\graphics\a2\componentframework21.1.0\componentframework\debug\scene1.obj
c:\users\zacam\desktop\game programming\semester 2\graphics\a2\componentframework21.1.0\componentframework\debug\scene0_adv.obj
c:\users\zacam\desktop\game programming\semester 2\graphics\a2\componentframework21.1.0\componentframework\debug\scene0.obj
c:\users\zacam\desktop\game programming\semester 2\graphics\a2\componentframework21.1.0\componentframework\debug\randomizer.obj
c:\users\zacam\desktop\game programming\semester 2\graphics\a2\componentframework21.1.0\componentframework\debug\physicsobject.obj
c:\users\zacam\desktop\game programming\semester 2\graphics\a2\componentframework21.1.0\componentframework\debug\physics.obj
c:\users\zacam\desktop\game programming\semester 2\graphics\a2\componentframework21.1.0\componentframework\debug\particles.obj
c:\users\zacam\desktop\game programming\semester 2\graphics\a2\componentframework21.1.0\componentframework\debug\noise.obj
c:\users\zacam\desktop\game programming\semester 2\graphics\a2\componentframework21.1.0\componentframework\debug\mmath.obj
c:\users\zacam\desktop\game programming\semester 2\graphics\a2\componentframework21.1.0\componentframework\debug\gameobject.obj
c:\users\zacam\desktop\game programming\semester 2\graphics\a2\componentframework21.1.0\componentframework\debug\debug.obj
c:\users\zacam\desktop\game programming\semester 2\graphics\a2\componentframework21.1.0\componentframework\debug\camera.obj
c:\users\zacam\desktop\game programming\semester 2\graphics\a2\componentframework21.1.0\componentframework\debug\window.obj
c:\users\zacam\desktop\game programming\semester 2\graphics\a2\componentframework21.1.0\componentframework\debug\vmath.obj
c:\users\zacam\desktop\game programming\semester 2\graphics\a2\componentframework21.1.0\componentframework\debug\trackball.obj
c:\users\zacam\desktop\game programming\semester 2\graphics\a2\componentframework21.1.0\componentframework\debug\timer.obj
c:\users\zacam\desktop\game programming\semester 2\graphics\a2\componentframework21.1.0\componentframework\debug\texture.obj
c:\users\zacam\desktop\game programming\semester 2\graphics\a2\componentframework21.1.0\componentframework\debug\skybox.obj
c:\users\zacam\desktop\game programming\semester 2\graphics\a2\componentframework21.1.0\componentframework\debug\shader.obj
c:\users\zacam\desktop\game programming\semester 2\graphics\a2\componentframework21.1.0\debug\componentframework.ilk
c:\users\zacam\desktop\game programming\semester 2\graphics\a2\componentframework21.1.0\debug\componentframework.exe
c:\users\zacam\desktop\game programming\semester 2\graphics\a2\componentframework21.1.0\debug\componentframework.pdb
c:\users\zacam\desktop\game programming\semester 2\graphics\a2\componentframework21.1.0\componentframework\debug\componen.614c2865.tlog\cl.command.1.tlog
c:\users\zacam\desktop\game programming\semester 2\graphics\a2\componentframework21.1.0\componentframework\debug\componen.614c2865.tlog\cl.read.1.tlog
c:\users\zacam\desktop\game programming\semester 2\graphics\a2\componentframework21.1.0\componentframework\debug\componen.614c2865.tlog\cl.write.1.tlog
c:\users\zacam\desktop\game programming\semester 2\graphics\a2\componentframework21.1.0\componentframework\debug\componen.614c2865.tlog\link.command.1.tlog
c:\users\zacam\desktop\game programming\semester 2\graphics\a2\componentframework21.1.0\componentframework\debug\componen.614c2865.tlog\link.read.1.tlog
c:\users\zacam\desktop\game programming\semester 2\graphics\a2\componentframework21.1.0\componentframework\debug\componen.614c2865.tlog\link.write.1.tlog
